Logged at Wednesday, June 05, 2013 13:42:55
FileVersion: 3.4.5.6666
ProductVersion: 3.4.5.6666
LogFile: Editor.log
Executable: C:\Users\Puddin\Desktop\Cryengine 3 SDK\Bin64\Editor.exe

Exception Code: 0xC0000005
Exception Addr: 0x0033:0x0000000000000000
Exception Module: <Unknown>
Exception Description: EXCEPTION_ACCESS_VIOLATION, Attempt to write data to address 0x0000000000000000
The memory could not be "written"
Memory in use: 582.8MB
Debug Status: 
Out of Memory: 0

Call Stack Trace:
21) function=0x0000000000000000
20) function=0x000000001E9B7FAE
19) function=0x0000000030101DC5
18) function=0x0000000030105EB2
17) function=0x00000000300D5EF2
16) function=0x00000000301839FB
15) function=0x000000003018734E
14) function=0x0000000030185B35
13) function=0x0000000030189F9E
12) function=0x000000003716C5ED
11) function=0x0000000037169909
10) function=0x000000003716E054
 9) function=0x000000003716E1BF
 8) function=0x00000000370F9F6E
 7) function=0x00000000370D6316
 6) function=0x00000000680451F3
 5) function=0x0000000068076D50
 4) function=0x000000003781636F
 3) function=0x000000007709652D
 2) function=0x000000007778C521
 1) function=0x000000007778C521


Suspended thread (JobSystem_Worker_0(Regular)):
10) function=0x00000000777B135A
 9) function=0x000007FEFDE810DC
 8) function=0x0000000036546B06
 7) function=0x000000003654E40A
 6) function=0x000000003654E74E
 5) function=0x000000003655B4D7
 4) function=0x000000006E4F1D9F
 3) function=0x000000006E4F1E3B
 2) function=0x000000007709652D
 1) function=0x000000007778C521


Suspended thread (JobSystem_Worker_1(Regular)):
10) function=0x00000000777B135A
 9) function=0x000007FEFDE810DC
 8) function=0x0000000036546B06
 7) function=0x000000003654E40A
 6) function=0x000000003654E74E
 5) function=0x000000003655B4D7
 4) function=0x000000006E4F1D9F
 3) function=0x000000006E4F1E3B
 2) function=0x000000007709652D
 1) function=0x000000007778C521


Suspended thread (JobSystem_Worker_2(Regular)):
10) function=0x00000000777B135A
 9) function=0x000007FEFDE810DC
 8) function=0x0000000036546B06
 7) function=0x000000003654E40A
 6) function=0x000000003654E74E
 5) function=0x000000003655B4D7
 4) function=0x000000006E4F1D9F
 3) function=0x000000006E4F1E3B
 2) function=0x000000007709652D
 1) function=0x000000007778C521


Suspended thread (JobSystem_Worker_3(Regular)):
10) function=0x00000000777B135A
 9) function=0x000007FEFDE810DC
 8) function=0x0000000036546B06
 7) function=0x000000003654E40A
 6) function=0x000000003654E74E
 5) function=0x000000003655B4D7
 4) function=0x000000006E4F1D9F
 3) function=0x000000006E4F1E3B
 2) function=0x000000007709652D
 1) function=0x000000007778C521


Suspended thread (JobSystem_Worker_0(Blocking)):
10) function=0x00000000777B135A
 9) function=0x000007FEFDE810DC
 8) function=0x0000000036546B06
 7) function=0x000000003654C1CA
 6) function=0x000000003654C5A0
 5) function=0x000000003655B4D7
 4) function=0x000000006E4F1D9F
 3) function=0x000000006E4F1E3B
 2) function=0x000000007709652D
 1) function=0x000000007778C521


Suspended thread (Physics):
10) function=0x00000000777B135A
 9) function=0x000007FEFDE810DC
 8) function=0x0000000036583B4E
 7) function=0x000000003658385F
 6) function=0x000000003667329F
 5) function=0x0000000036671600
 4) function=0x000000003655B4D7
 3) function=0x000000006E4F1D9F
 2) function=0x000000006E4F1E3B
 1) function=0x000000007709652D
