   ResourceCompiler  32-bit
   Version 3.4.5.6666  Feb 27 2013 02:22:01
   
   Copyright (c) 2001-2011 Crytek GmbH. All rights reserved.
   
   Exe directory:
     "C:\Users\Puddin\Desktop\Cryengine 3 SDK\Bin32\rc\"
   Temp directory:
     "C:\Users\Puddin\AppData\Local\Temp\"
   Current directory:
     "C:\Users\Puddin\Desktop\Cryengine 3 SDK\Bin32\rc\"
   
   
   Command line:
     "Bin32/rc/rc.exe"
     "C:\Users\Puddin\Desktop\Cryengine 3 SDK\game\levels\level1\protective_field_alpha.tif"
     "/userdialog=0"
   
   Platforms specified in rc.ini:
     pc (little-endian)
     x360 (big-endian)
     ps3 (big-endian)
     wiiu (big-endian)
   
   Started at: Wed Jun 05 13:24:12 2013
    0:00 Memory: working set 3.8Mb (peak 3.8Mb), pagefile 2.4Mb (peak 2.4Mb)
    0:00 Registering sub compilers (ResourceCompiler*.dll)
    0:00 Searching for C:\Users\Puddin\Desktop\Cryengine 3 SDK\Bin32\rc\ResourceCompiler*.dll
    0:00 Loading "C:\Users\Puddin\Desktop\Cryengine 3 SDK\Bin32\rc\ResourceCompilerImage.dll"
    0:00   Loaded "ResourceCompilerImage.dll"
    0:00     Registered convertor for tif
    0:00     Registered convertor for srf
    0:00     Registered convertor for dds
    0:00 Loading "C:\Users\Puddin\Desktop\Cryengine 3 SDK\Bin32\rc\ResourceCompilerPC.dll"
    0:00   Loaded "ResourceCompilerPC.dll"
    0:00     Registered convertor for cga, cgf
    0:00     Registered convertor for chunk
    0:00     Registered convertor for chr
    0:00     Registered convertor for caf, cba
    0:00     Registered convertor for dae, dae.zip
    0:00 Loading "C:\Users\Puddin\Desktop\Cryengine 3 SDK\Bin32\rc\ResourceCompilerXML.dll"
    0:00   Loaded "ResourceCompilerXML.dll"
    0:00     Registered convertor for xml
    0:00 
    0:00 CryCompressorRC.dll loaded
    0:00     Registered convertor for pak, zip
    0:00 Memory: working set 7.6Mb (peak 7.6Mb), pagefile 5.3Mb (peak 5.4Mb)
    0:00 
    0:00 CPU cores: 4 available (4 in system).
    0:00 Logical processors: 4 available (4 in system).
    0:00 /processes was not specified. Not spawning processes.
    0:00 /threads was not specified. Using up to 1 thread.
    0:00 
    0:00 Memory: working set 7.6Mb (peak 7.6Mb), pagefile 5.3Mb (peak 5.4Mb)
    0:00 Spawning 1 thread
    0:00 
W:  0:00 NVTT debug message: '*** CUDA driver not found.
W:  0:00 '
W:  0:00 NVTT debug message: 'CUDA driver not available for CUDA runtime %d
W:  0:00 '
    0:00 No CUDA hardware found
   1>  0:00 -------------------------------------------------------
   1>  0:00 File='protective_field_alpha.tif'
W: 1>  0:00 Auto-selecting preset 'Diffuse_lowQ' for protective_field_alpha.tif (1024 x 1024)
   1>  0:01    Processed DDS (349520 bytes): protective_field_alpha.dds
   
   1 file processed in 1.0 sec.
   
   Memory: working set 9.1Mb (peak 54.2Mb), pagefile 5.8Mb (peak 51.5Mb)
   
   Finished at: Wed Jun 05 13:24:14 2013
   
   0 errors, 3 warnings.
